2021-03-30 12:51:11.731  INFO 9328 --- [restartedMain] c.e.demo.SpringMajorProjectApplication   : Starting SpringMajorProjectApplication using Java 15.0.1 on Gift-Tanvima with PID 9328 (C:\Users\tanvima\Desktop\Spring Backend\G7-java-major-project\spring-major-project\target\classes started by tanvima in C:\Users\tanvima\Desktop\Spring Backend\G7-java-major-project\spring-major-project)
2021-03-30 12:51:11.734  INFO 9328 --- [restartedMain] c.e.demo.SpringMajorProjectApplication   : No active profile set, falling back to default profiles: default
2021-03-30 12:51:11.769  INFO 9328 --- [restartedMain] .e.DevToolsPropertyDefaultsPostProcessor : Devtools property defaults active! Set 'spring.devtools.add-properties' to 'false' to disable
2021-03-30 12:51:11.769  INFO 9328 --- [restartedMain] .e.DevToolsPropertyDefaultsPostProcessor : For additional web related logging consider setting the 'logging.level.web' property to 'DEBUG'
2021-03-30 12:51:12.274  INFO 9328 --- [restartedMain] .s.d.r.c.RepositoryConfigurationDelegate : Bootstrapping Spring Data JPA repositories in DEFAULT mode.
2021-03-30 12:51:12.355  INFO 9328 --- [restartedMain] .s.d.r.c.RepositoryConfigurationDelegate : Finished Spring Data repository scanning in 76 ms. Found 13 JPA repository interfaces.
2021-03-30 12:51:12.568  INFO 9328 --- [restartedMain] trationDelegate$BeanPostProcessorChecker : Bean 'org.springframework.security.access.expression.method.DefaultMethodSecurityExpressionHandler@2961d9e1' of type [org.springframework.security.access.expression.method.DefaultMethodSecurityExpressionHandler] is not eligible for getting processed by all BeanPostProcessors (for example: not eligible for auto-proxying)
2021-03-30 12:51:12.572  INFO 9328 --- [restartedMain] trationDelegate$BeanPostProcessorChecker : Bean 'methodSecurityMetadataSource' of type [org.springframework.security.access.method.DelegatingMethodSecurityMetadataSource] is not eligible for getting processed by all BeanPostProcessors (for example: not eligible for auto-proxying)
2021-03-30 12:51:12.779  INFO 9328 --- [restartedMain] o.s.b.w.embedded.tomcat.TomcatWebServer  : Tomcat initialized with port(s): 8080 (http)
2021-03-30 12:51:12.786  INFO 9328 --- [restartedMain] o.apache.catalina.core.StandardService   : Starting service [Tomcat]
2021-03-30 12:51:12.786  INFO 9328 --- [restartedMain] org.apache.catalina.core.StandardEngine  : Starting Servlet engine: [Apache Tomcat/9.0.43]
2021-03-30 12:51:12.972  INFO 9328 --- [restartedMain] org.apache.jasper.servlet.TldScanner     : At least one JAR was scanned for TLDs yet contained no TLDs. Enable debug logging for this logger for a complete list of JARs that were scanned but no TLDs were found in them. Skipping unneeded JARs during scanning can improve startup time and JSP compilation time.
2021-03-30 12:51:12.978  INFO 9328 --- [restartedMain] o.a.c.c.C.[Tomcat].[localhost].[/]       : Initializing Spring embedded WebApplicationContext
2021-03-30 12:51:12.979  INFO 9328 --- [restartedMain] w.s.c.ServletWebServerApplicationContext : Root WebApplicationContext: initialization completed in 1210 ms
2021-03-30 12:51:13.145  INFO 9328 --- [restartedMain] o.hibernate.jpa.internal.util.LogHelper  : HHH000204: Processing PersistenceUnitInfo [name: default]
2021-03-30 12:51:13.200  INFO 9328 --- [restartedMain] org.hibernate.Version                    : HHH000412: Hibernate ORM core version 5.4.28.Final
2021-03-30 12:51:13.303  INFO 9328 --- [restartedMain] o.hibernate.annotations.common.Version   : HCANN000001: Hibernate Commons Annotations {5.1.2.Final}
2021-03-30 12:51:13.381  INFO 9328 --- [restartedMain] com.zaxxer.hikari.HikariDataSource       : HikariPool-1 - Starting...
2021-03-30 12:51:13.643  INFO 9328 --- [restartedMain] com.zaxxer.hikari.HikariDataSource       : HikariPool-1 - Start completed.
2021-03-30 12:51:13.667  INFO 9328 --- [restartedMain] org.hibernate.dialect.Dialect            : HHH000400: Using dialect: org.hibernate.dialect.MySQL8Dialect
2021-03-30 12:51:14.499  INFO 9328 --- [restartedMain] o.h.e.t.j.p.i.JtaPlatformInitiator       : HHH000490: Using JtaPlatform implementation: [org.hibernate.engine.transaction.jta.platform.internal.NoJtaPlatform]
2021-03-30 12:51:14.506  INFO 9328 --- [restartedMain] j.LocalContainerEntityManagerFactoryBean : Initialized JPA EntityManagerFactory for persistence unit 'default'
2021-03-30 12:51:14.788  WARN 9328 --- [restartedMain] JpaBaseConfiguration$JpaWebConfiguration : spring.jpa.open-in-view is enabled by default. Therefore, database queries may be performed during view rendering. Explicitly configure spring.jpa.open-in-view to disable this warning
2021-03-30 12:51:14.884  INFO 9328 --- [restartedMain] o.s.b.d.a.OptionalLiveReloadServer       : LiveReload server is running on port 35729
2021-03-30 12:51:15.313  INFO 9328 --- [restartedMain] o.s.s.web.DefaultSecurityFilterChain     : Will secure any request with [org.springframework.security.web.context.request.async.WebAsyncManagerIntegrationFilter@23604c4e, org.springframework.security.web.context.SecurityContextPersistenceFilter@3d01792f, org.springframework.security.web.header.HeaderWriterFilter@790fe2c1, org.springframework.web.filter.CorsFilter@22afd5c, org.springframework.security.web.authentication.logout.LogoutFilter@4f2c2e0f, com.example.demo.security.JwtAuthenticationFilter@729c7fde, org.springframework.security.web.savedrequest.RequestCacheAwareFilter@3339925c, org.springframework.security.web.servletapi.SecurityContextHolderAwareRequestFilter@4acea255, org.springframework.security.web.authentication.AnonymousAuthenticationFilter@3169536, org.springframework.security.web.session.SessionManagementFilter@748b309f, org.springframework.security.web.access.ExceptionTranslationFilter@14803a23, org.springframework.security.web.access.intercept.FilterSecurityInterceptor@7aedf900]
2021-03-30 12:51:15.346  INFO 9328 --- [restartedMain] o.s.s.concurrent.ThreadPoolTaskExecutor  : Initializing ExecutorService 'applicationTaskExecutor'
2021-03-30 12:51:15.521  INFO 9328 --- [restartedMain] o.s.b.w.embedded.tomcat.TomcatWebServer  : Tomcat started on port(s): 8080 (http) with context path ''
2021-03-30 12:51:15.526  INFO 9328 --- [restartedMain] c.e.demo.SpringMajorProjectApplication   : Started SpringMajorProjectApplication in 4.076 seconds (JVM running for 4.722)
2021-03-30 12:52:13.410  INFO 9328 --- [Thread-4] o.s.s.concurrent.ThreadPoolTaskExecutor  : Shutting down ExecutorService 'applicationTaskExecutor'
2021-03-30 12:52:13.421  INFO 9328 --- [Thread-4] j.LocalContainerEntityManagerFactoryBean : Closing JPA EntityManagerFactory for persistence unit 'default'
2021-03-30 12:52:13.428  INFO 9328 --- [Thread-4] com.zaxxer.hikari.HikariDataSource       : HikariPool-1 - Shutdown initiated...
2021-03-30 12:52:13.440  INFO 9328 --- [Thread-4] com.zaxxer.hikari.HikariDataSource       : HikariPool-1 - Shutdown completed.
