2021-03-30 14:43:42.076 user:  INFO 14604 --- [restartedMain] c.e.SpringMajorProjectApplication        : Starting SpringMajorProjectApplication using Java 15.0.1 on HarshadkumarPr with PID 14604 (E:\MAJOR_PROJECT_BACKEND(JAVA)\G7-java-major-project\spring-major-project\target\classes started by harshadkumarpr in E:\MAJOR_PROJECT_BACKEND(JAVA)\G7-java-major-project\spring-major-project)
2021-03-30 14:43:42.076 user:  INFO 14604 --- [restartedMain] c.e.SpringMajorProjectApplication        : No active profile set, falling back to default profiles: default
2021-03-30 14:43:42.230 user:  INFO 14604 --- [restartedMain] .s.d.r.c.RepositoryConfigurationDelegate : Bootstrapping Spring Data JPA repositories in DEFAULT mode.
2021-03-30 14:43:42.264 user:  INFO 14604 --- [restartedMain] .s.d.r.c.RepositoryConfigurationDelegate : Finished Spring Data repository scanning in 33 ms. Found 13 JPA repository interfaces.
2021-03-30 14:43:42.306 user:  INFO 14604 --- [restartedMain] trationDelegate$BeanPostProcessorChecker : Bean 'org.springframework.security.access.expression.method.DefaultMethodSecurityExpressionHandler@48abb287' of type [org.springframework.security.access.expression.method.DefaultMethodSecurityExpressionHandler] is not eligible for getting processed by all BeanPostProcessors (for example: not eligible for auto-proxying)
2021-03-30 14:43:42.307 user:  INFO 14604 --- [restartedMain] trationDelegate$BeanPostProcessorChecker : Bean 'methodSecurityMetadataSource' of type [org.springframework.security.access.method.DelegatingMethodSecurityMetadataSource] is not eligible for getting processed by all BeanPostProcessors (for example: not eligible for auto-proxying)
2021-03-30 14:43:42.345 user:  INFO 14604 --- [restartedMain] o.s.b.w.embedded.tomcat.TomcatWebServer  : Tomcat initialized with port(s): 8080 (http)
2021-03-30 14:43:42.346 user:  INFO 14604 --- [restartedMain] o.apache.catalina.core.StandardService   : Starting service [Tomcat]
2021-03-30 14:43:42.346 user:  INFO 14604 --- [restartedMain] org.apache.catalina.core.StandardEngine  : Starting Servlet engine: [Apache Tomcat/9.0.43]
2021-03-30 14:43:42.404 user:  INFO 14604 --- [restartedMain] org.apache.jasper.servlet.TldScanner     : At least one JAR was scanned for TLDs yet contained no TLDs. Enable debug logging for this logger for a complete list of JARs that were scanned but no TLDs were found in them. Skipping unneeded JARs during scanning can improve startup time and JSP compilation time.
2021-03-30 14:43:42.406 user:  INFO 14604 --- [restartedMain] o.a.c.c.C.[Tomcat].[localhost].[/]       : Initializing Spring embedded WebApplicationContext
2021-03-30 14:43:42.406 user:  INFO 14604 --- [restartedMain] w.s.c.ServletWebServerApplicationContext : Root WebApplicationContext: initialization completed in 328 ms
2021-03-30 14:43:42.451 user:  INFO 14604 --- [restartedMain] o.hibernate.jpa.internal.util.LogHelper  : HHH000204: Processing PersistenceUnitInfo [name: default]
2021-03-30 14:43:42.455 user:  INFO 14604 --- [restartedMain] com.zaxxer.hikari.HikariDataSource       : HikariPool-5 - Starting...
2021-03-30 14:43:42.509 user:  INFO 14604 --- [restartedMain] com.zaxxer.hikari.HikariDataSource       : HikariPool-5 - Start completed.
2021-03-30 14:43:42.510 user:  INFO 14604 --- [restartedMain] org.hibernate.dialect.Dialect            : HHH000400: Using dialect: org.hibernate.dialect.MySQL8Dialect
2021-03-30 14:43:42.728 user:  INFO 14604 --- [restartedMain] o.h.e.t.j.p.i.JtaPlatformInitiator       : HHH000490: Using JtaPlatform implementation: [org.hibernate.engine.transaction.jta.platform.internal.NoJtaPlatform]
2021-03-30 14:43:42.728 user:  INFO 14604 --- [restartedMain] j.LocalContainerEntityManagerFactoryBean : Initialized JPA EntityManagerFactory for persistence unit 'default'
2021-03-30 14:43:42.800 user:  WARN 14604 --- [restartedMain] JpaBaseConfiguration$JpaWebConfiguration : spring.jpa.open-in-view is enabled by default. Therefore, database queries may be performed during view rendering. Explicitly configure spring.jpa.open-in-view to disable this warning
2021-03-30 14:43:42.843 user:  INFO 14604 --- [restartedMain] o.s.b.d.a.OptionalLiveReloadServer       : LiveReload server is running on port 35729
2021-03-30 14:43:43.101 user:  INFO 14604 --- [restartedMain] o.s.s.web.DefaultSecurityFilterChain     : Will secure any request with [org.springframework.security.web.context.request.async.WebAsyncManagerIntegrationFilter@29602997, org.springframework.security.web.context.SecurityContextPersistenceFilter@47211397, org.springframework.security.web.header.HeaderWriterFilter@4bc51153, org.springframework.web.filter.CorsFilter@5b1962d8, org.springframework.security.web.authentication.logout.LogoutFilter@7e91043a, com.elearning.security.JwtAuthenticationFilter@3bf998f0, org.springframework.security.web.savedrequest.RequestCacheAwareFilter@67878548, org.springframework.security.web.servletapi.SecurityContextHolderAwareRequestFilter@4ab5f62, org.springframework.security.web.authentication.AnonymousAuthenticationFilter@222fdcd3, org.springframework.security.web.session.SessionManagementFilter@420efe6b, org.springframework.security.web.access.ExceptionTranslationFilter@1c079033, org.springframework.security.web.access.intercept.FilterSecurityInterceptor@478ae9a6]
2021-03-30 14:43:43.113 user:  INFO 14604 --- [restartedMain] o.s.s.concurrent.ThreadPoolTaskExecutor  : Initializing ExecutorService 'applicationTaskExecutor'
2021-03-30 14:43:43.195 user:  INFO 14604 --- [restartedMain] o.s.b.w.embedded.tomcat.TomcatWebServer  : Tomcat started on port(s): 8080 (http) with context path ''
2021-03-30 14:43:43.199 user:  INFO 14604 --- [restartedMain] c.e.SpringMajorProjectApplication        : Started SpringMajorProjectApplication in 1.149 seconds (JVM running for 350.696)
2021-03-30 14:43:43.200 user:  INFO 14604 --- [restartedMain] .ConditionEvaluationDeltaLoggingListener : Condition evaluation unchanged
2021-03-30 14:43:57.921 user:  INFO 18448 --- [restartedMain] c.e.SpringMajorProjectApplication        : Starting SpringMajorProjectApplication using Java 15.0.1 on HarshadkumarPr with PID 18448 (E:\MAJOR_PROJECT_BACKEND(JAVA)\G7-java-major-project\spring-major-project\target\classes started by harshadkumarpr in E:\MAJOR_PROJECT_BACKEND(JAVA)\G7-java-major-project\spring-major-project)
2021-03-30 14:43:57.926 user:  INFO 18448 --- [restartedMain] c.e.SpringMajorProjectApplication        : No active profile set, falling back to default profiles: default
2021-03-30 14:43:57.961 user:  INFO 18448 --- [restartedMain] .e.DevToolsPropertyDefaultsPostProcessor : Devtools property defaults active! Set 'spring.devtools.add-properties' to 'false' to disable
2021-03-30 14:43:57.962 user:  INFO 18448 --- [restartedMain] .e.DevToolsPropertyDefaultsPostProcessor : For additional web related logging consider setting the 'logging.level.web' property to 'DEBUG'
2021-03-30 14:43:58.518 user:  INFO 18448 --- [restartedMain] .s.d.r.c.RepositoryConfigurationDelegate : Bootstrapping Spring Data JPA repositories in DEFAULT mode.
2021-03-30 14:43:58.596 user:  INFO 18448 --- [restartedMain] .s.d.r.c.RepositoryConfigurationDelegate : Finished Spring Data repository scanning in 72 ms. Found 13 JPA repository interfaces.
2021-03-30 14:43:58.818 user:  INFO 18448 --- [restartedMain] trationDelegate$BeanPostProcessorChecker : Bean 'org.springframework.security.access.expression.method.DefaultMethodSecurityExpressionHandler@73c29bab' of type [org.springframework.security.access.expression.method.DefaultMethodSecurityExpressionHandler] is not eligible for getting processed by all BeanPostProcessors (for example: not eligible for auto-proxying)
2021-03-30 14:43:58.821 user:  INFO 18448 --- [restartedMain] trationDelegate$BeanPostProcessorChecker : Bean 'methodSecurityMetadataSource' of type [org.springframework.security.access.method.DelegatingMethodSecurityMetadataSource] is not eligible for getting processed by all BeanPostProcessors (for example: not eligible for auto-proxying)
2021-03-30 14:43:59.085 user:  INFO 18448 --- [restartedMain] o.s.b.w.embedded.tomcat.TomcatWebServer  : Tomcat initialized with port(s): 8080 (http)
2021-03-30 14:43:59.093 user:  INFO 18448 --- [restartedMain] o.apache.catalina.core.StandardService   : Starting service [Tomcat]
2021-03-30 14:43:59.093 user:  INFO 18448 --- [restartedMain] org.apache.catalina.core.StandardEngine  : Starting Servlet engine: [Apache Tomcat/9.0.43]
2021-03-30 14:43:59.308 user:  INFO 18448 --- [restartedMain] org.apache.jasper.servlet.TldScanner     : At least one JAR was scanned for TLDs yet contained no TLDs. Enable debug logging for this logger for a complete list of JARs that were scanned but no TLDs were found in them. Skipping unneeded JARs during scanning can improve startup time and JSP compilation time.
2021-03-30 14:43:59.316 user:  INFO 18448 --- [restartedMain] o.a.c.c.C.[Tomcat].[localhost].[/]       : Initializing Spring embedded WebApplicationContext
2021-03-30 14:43:59.316 user:  INFO 18448 --- [restartedMain] w.s.c.ServletWebServerApplicationContext : Root WebApplicationContext: initialization completed in 1354 ms
2021-03-30 14:43:59.495 user:  INFO 18448 --- [restartedMain] o.hibernate.jpa.internal.util.LogHelper  : HHH000204: Processing PersistenceUnitInfo [name: default]
2021-03-30 14:43:59.536 user:  INFO 18448 --- [restartedMain] org.hibernate.Version                    : HHH000412: Hibernate ORM core version 5.4.28.Final
2021-03-30 14:43:59.648 user:  INFO 18448 --- [restartedMain] o.hibernate.annotations.common.Version   : HCANN000001: Hibernate Commons Annotations {5.1.2.Final}
2021-03-30 14:43:59.731 user:  INFO 18448 --- [restartedMain] com.zaxxer.hikari.HikariDataSource       : HikariPool-1 - Starting...
2021-03-30 14:44:00.026 user:  INFO 18448 --- [restartedMain] com.zaxxer.hikari.HikariDataSource       : HikariPool-1 - Start completed.
2021-03-30 14:44:00.052 user:  INFO 18448 --- [restartedMain] org.hibernate.dialect.Dialect            : HHH000400: Using dialect: org.hibernate.dialect.MySQL8Dialect
2021-03-30 14:44:00.860 user:  INFO 18448 --- [restartedMain] o.h.e.t.j.p.i.JtaPlatformInitiator       : HHH000490: Using JtaPlatform implementation: [org.hibernate.engine.transaction.jta.platform.internal.NoJtaPlatform]
2021-03-30 14:44:00.867 user:  INFO 18448 --- [restartedMain] j.LocalContainerEntityManagerFactoryBean : Initialized JPA EntityManagerFactory for persistence unit 'default'
2021-03-30 14:44:01.166 user:  WARN 18448 --- [restartedMain] JpaBaseConfiguration$JpaWebConfiguration : spring.jpa.open-in-view is enabled by default. Therefore, database queries may be performed during view rendering. Explicitly configure spring.jpa.open-in-view to disable this warning
2021-03-30 14:44:01.288 user:  INFO 18448 --- [restartedMain] o.s.b.d.a.OptionalLiveReloadServer       : LiveReload server is running on port 35729
2021-03-30 14:44:01.751 user:  INFO 18448 --- [restartedMain] o.s.s.web.DefaultSecurityFilterChain     : Will secure any request with [org.springframework.security.web.context.request.async.WebAsyncManagerIntegrationFilter@768e542b, org.springframework.security.web.context.SecurityContextPersistenceFilter@7d841f31, org.springframework.security.web.header.HeaderWriterFilter@4653b9f2, org.springframework.web.filter.CorsFilter@3789100d, org.springframework.security.web.authentication.logout.LogoutFilter@6bf17c23, com.elearning.security.JwtAuthenticationFilter@4862ec3e, org.springframework.security.web.savedrequest.RequestCacheAwareFilter@1201de60, org.springframework.security.web.servletapi.SecurityContextHolderAwareRequestFilter@6d60af8, org.springframework.security.web.authentication.AnonymousAuthenticationFilter@211c8f90, org.springframework.security.web.session.SessionManagementFilter@2ec9ac2, org.springframework.security.web.access.ExceptionTranslationFilter@ec6ccc3, org.springframework.security.web.access.intercept.FilterSecurityInterceptor@5973c069]
2021-03-30 14:44:01.786 user:  INFO 18448 --- [restartedMain] o.s.s.concurrent.ThreadPoolTaskExecutor  : Initializing ExecutorService 'applicationTaskExecutor'
2021-03-30 14:44:01.975 user:  INFO 18448 --- [restartedMain] o.s.b.w.embedded.tomcat.TomcatWebServer  : Tomcat started on port(s): 8080 (http) with context path ''
2021-03-30 14:44:01.982 user:  INFO 18448 --- [restartedMain] c.e.SpringMajorProjectApplication        : Started SpringMajorProjectApplication in 4.368 seconds (JVM running for 5.24)
2021-03-30 14:44:19.873 user:  INFO 18448 --- [Thread-4] o.s.s.concurrent.ThreadPoolTaskExecutor  : Shutting down ExecutorService 'applicationTaskExecutor'
2021-03-30 14:44:19.881 user:  INFO 18448 --- [Thread-4] j.LocalContainerEntityManagerFactoryBean : Closing JPA EntityManagerFactory for persistence unit 'default'
2021-03-30 14:44:19.886 user:  INFO 18448 --- [Thread-4] com.zaxxer.hikari.HikariDataSource       : HikariPool-1 - Shutdown initiated...
2021-03-30 14:44:19.893 user:  INFO 18448 --- [Thread-4] com.zaxxer.hikari.HikariDataSource       : HikariPool-1 - Shutdown completed.
